Using pre-set license
Built from '2020.3/staging' branch; Version is '2020.3.24f1 (79c78de19888) revision 7980941'; Using compiler version '192528614'; Build Type 'Release'
OS: 'Windows 10  (10.0.19044) 64bit Core' Language: 'uk' Physical Memory: 8090 MB
BatchMode: 1, IsHumanControllingUs: 0, StartBugReporterOnCrash: 0, Is64bit: 1, IsPro: 0

COMMAND LINE ARGUMENTS:
C:\Program Files\Unity\Hub\Editor\2020.3.24f1\Editor\Unity.exe
-adb2
-batchMode
-noUpm
-name
AssetImportWorker0
-projectPath
C:/Disk/Workshop/Unity projects/AntProject/AntProject
-logFile
Logs/AssetImportWorker0.log
-srvPort
57939
Successfully changed project path to: C:/Disk/Workshop/Unity projects/AntProject/AntProject
C:/Disk/Workshop/Unity projects/AntProject/AntProject
Using Asset Import Pipeline V2.
Refreshing native plugins compatible for Editor in 43.15 ms, found 2 plugins.
Preloading 0 native plugins for Editor in 0.00 ms.
Initialize engine version: 2020.3.24f1 (79c78de19888)
[Subsystems] Discovering subsystems at path C:/Program Files/Unity/Hub/Editor/2020.3.24f1/Editor/Data/Resources/UnitySubsystems
[Subsystems] Discovering subsystems at path C:/Disk/Workshop/Unity projects/AntProject/AntProject/Assets
GfxDevice: creating device client; threaded=0
Direct3D:
    Version:  Direct3D 11.0 [level 11.1]
    Renderer: Radeon (TM) R7 M445 (ID=0x6900)
    Vendor:   
    VRAM:     4086 MB
    Driver:   26.20.15026.1
Initialize mono
Mono path[0] = 'C:/Program Files/Unity/Hub/Editor/2020.3.24f1/Editor/Data/Managed'
Mono path[1] = 'C:/Program Files/Unity/Hub/Editor/2020.3.24f1/Editor/Data/MonoBleedingEdge/lib/mono/unityjit'
Mono config path = 'C:/Program Files/Unity/Hub/Editor/2020.3.24f1/Editor/Data/MonoBleedingEdge/etc'
Using monoOptions --debugger-agent=transport=dt_socket,embedding=1,server=y,suspend=n,address=127.0.0.1:56076
Begin MonoManager ReloadAssembly
Registering precompiled unity dll's ...
Register platform support module: C:/Program Files/Unity/Hub/Editor/2020.3.24f1/Editor/Data/PlaybackEngines/WindowsStandaloneSupport/UnityEditor.WindowsStandalone.Extensions.dll
Registered in 0.003170 seconds.
Native extension for WindowsStandalone target not found
Refreshing native plugins compatible for Editor in 40.61 ms, found 2 plugins.
Preloading 0 native plugins for Editor in 0.00 ms.
Mono: successfully reloaded assembly
- Completed reload, in  0.850 seconds
Domain Reload Profiling:
	ReloadAssembly (850ms)
		BeginReloadAssembly (82ms)
			ExecutionOrderSort (0ms)
			DisableScriptedObjects (0ms)
			BackupInstance (0ms)
			ReleaseScriptingObjects (0ms)
			CreateAndSetChildDomain (1ms)
		EndReloadAssembly (660ms)
			LoadAssemblies (77ms)
			RebuildTransferFunctionScriptingTraits (0ms)
			SetupTypeCache (225ms)
			ReleaseScriptCaches (0ms)
			RebuildScriptCaches (45ms)
			SetupLoadedEditorAssemblies (245ms)
				LogAssemblyErrors (0ms)
				InitializePlatformSupportModulesInManaged (6ms)
				SetLoadedEditorAssemblies (0ms)
				RefreshPlugins (41ms)
				BeforeProcessingInitializeOnLoad (21ms)
				ProcessInitializeOnLoadAttributes (120ms)
				ProcessInitializeOnLoadMethodAttributes (56ms)
				AfterProcessingInitializeOnLoad (0ms)
				EditorAssembliesLoaded (0ms)
			ExecutionOrderSort2 (0ms)
			AwakeInstancesAfterBackupRestoration (0ms)
Platform modules already initialized, skipping
Registering precompiled user dll's ...
Registered in 0.009162 seconds.
Begin MonoManager ReloadAssembly
Native extension for WindowsStandalone target not found
Refreshing native plugins compatible for Editor in 0.42 ms, found 2 plugins.
Preloading 0 native plugins for Editor in 0.00 ms.
Mono: successfully reloaded assembly
- Completed reload, in  1.514 seconds
Domain Reload Profiling:
	ReloadAssembly (1516ms)
		BeginReloadAssembly (199ms)
			ExecutionOrderSort (0ms)
			DisableScriptedObjects (8ms)
			BackupInstance (0ms)
			ReleaseScriptingObjects (0ms)
			CreateAndSetChildDomain (25ms)
		EndReloadAssembly (1230ms)
			LoadAssemblies (160ms)
			RebuildTransferFunctionScriptingTraits (0ms)
			SetupTypeCache (364ms)
			ReleaseScriptCaches (0ms)
			RebuildScriptCaches (68ms)
			SetupLoadedEditorAssemblies (489ms)
				LogAssemblyErrors (0ms)
				InitializePlatformSupportModulesInManaged (7ms)
				SetLoadedEditorAssemblies (1ms)
				RefreshPlugins (1ms)
				BeforeProcessingInitializeOnLoad (139ms)
				ProcessInitializeOnLoadAttributes (305ms)
				ProcessInitializeOnLoadMethodAttributes (26ms)
				AfterProcessingInitializeOnLoad (10ms)
				EditorAssembliesLoaded (0ms)
			ExecutionOrderSort2 (0ms)
			AwakeInstancesAfterBackupRestoration (8ms)
Platform modules already initialized, skipping
========================================================================
Worker process is ready to serve import requests
Launched and connected shader compiler UnityShaderCompiler.exe after 0.13 seconds
Refreshing native plugins compatible for Editor in 0.69 ms, found 2 plugins.
Preloading 0 native plugins for Editor in 0.00 ms.
Unloading 1504 Unused Serialized files (Serialized files now loaded: 0)
System memory in use before: 67.6 MB.
System memory in use after: 67.7 MB.

Unloading 19 unused Assets to reduce memory usage. Loaded Objects now: 1936.
Total: 7.131900 ms (FindLiveObjects: 0.312500 ms CreateObjectMapping: 0.106800 ms MarkObjects: 6.631800 ms  DeleteObjects: 0.078900 ms)

AssetImportParameters requested are different than current active one (requested -> active):
  custom:framework-win-MediaFoundation: 216162199b28c13a410421893ffa2e32 -> 
  custom:video-decoder-ogg-theora: a1e56fd34408186e4bbccfd4996cb3dc -> 
  custom:container-muxer-webm: aa71ff27fc2769a1b78a27578f13a17b -> 
  custom:container-demuxer-webm: 4f35f7cbe854078d1ac9338744f61a02 -> 
  custom:container-demuxer-ogg: 62fdf1f143b41e24485cea50d1cbac27 -> 
  custom:video-encoder-webm-vp8: eb34c28f22e8b96e1ab97ce403110664 -> 
  custom:video-decoder-webm-vp8: 9c59270c3fd7afecdb556c50c9e8de78 -> 
  custom:audio-decoder-ogg-vorbis: bf7c407c2cedff20999df2af8eb42d56 -> 
  custom:audio-encoder-webm-vorbis: bf7c407c2cedff20999df2af8eb42d56 -> 
========================================================================
Received Import Request.
  path: Assets/Scripts
  artifactKey: Guid(175f5c8779160ff4687a1021b9dc2a58) Importer(815301076,1909f56bfc062723c751e8b465ee728b)
Start importing Assets/Scripts using Guid(175f5c8779160ff4687a1021b9dc2a58) Importer(815301076,1909f56bfc062723c751e8b465ee728b)  -> (artifact id: '61bfacaac855957f73ec9c4321ab975b') in 0.012589 seconds 
  Import took 0.016164 seconds .

========================================================================
Received Import Request.
  Time since last request: 1.659535 seconds.
  path: Assets/Scenes
  artifactKey: Guid(9c7ca661e26e54a429f40b8704e67ec8) Importer(815301076,1909f56bfc062723c751e8b465ee728b)
Start importing Assets/Scenes using Guid(9c7ca661e26e54a429f40b8704e67ec8) Importer(815301076,1909f56bfc062723c751e8b465ee728b)  -> (artifact id: 'b8db32c05043e6050a33b64c80e4c9d0') in 0.023631 seconds 
  Import took 0.028208 seconds .

========================================================================
Received Import Request.
  Time since last request: 0.670425 seconds.
  path: Assets/Scenes/SampleScene.unity
  artifactKey: Guid(9fc0d4010bbf28b4594072e72b8655ab) Importer(815301076,1909f56bfc062723c751e8b465ee728b)
Start importing Assets/Scenes/SampleScene.unity using Guid(9fc0d4010bbf28b4594072e72b8655ab) Importer(815301076,1909f56bfc062723c751e8b465ee728b)  -> (artifact id: 'd681a39beae67112418dae977be1387d') in 0.029966 seconds 
  Import took 0.032930 seconds .

========================================================================
Received Import Request.
  Time since last request: 10.086461 seconds.
  path: Assets/Scripts/Ant.cs
  artifactKey: Guid(20e9baa39358ee940b1f6a46a50089b6) Importer(815301076,1909f56bfc062723c751e8b465ee728b)
Start importing Assets/Scripts/Ant.cs using Guid(20e9baa39358ee940b1f6a46a50089b6) Importer(815301076,1909f56bfc062723c751e8b465ee728b)  -> (artifact id: 'b07c98cad8dfd80d6e86a35d9f830f34') in 0.087409 seconds 
  Import took 0.094668 seconds .

========================================================================
Received Import Request.
  Time since last request: 4957.276923 seconds.
  path: Assets/Scripts/Ant.cs
  artifactKey: Guid(20e9baa39358ee940b1f6a46a50089b6) Importer(815301076,1909f56bfc062723c751e8b465ee728b)
Start importing Assets/Scripts/Ant.cs using Guid(20e9baa39358ee940b1f6a46a50089b6) Importer(815301076,1909f56bfc062723c751e8b465ee728b)  -> (artifact id: '0a8c5225e132daa637d4aa68eee79d7d') in 0.024547 seconds 
  Import took 0.270511 seconds .

========================================================================
Received Import Request.
  Time since last request: 172.395160 seconds.
  path: Assets/Scripts/Ant.cs
  artifactKey: Guid(20e9baa39358ee940b1f6a46a50089b6) Importer(815301076,1909f56bfc062723c751e8b465ee728b)
Start importing Assets/Scripts/Ant.cs using Guid(20e9baa39358ee940b1f6a46a50089b6) Importer(815301076,1909f56bfc062723c751e8b465ee728b)  -> (artifact id: 'c97eb65a0a8e49bb7a720ea473bbb429') in 0.007921 seconds 
  Import took 0.018142 seconds .

========================================================================
Received Import Request.
  Time since last request: 9.997580 seconds.
  path: Assets/Scripts/Ant.cs
  artifactKey: Guid(20e9baa39358ee940b1f6a46a50089b6) Importer(815301076,1909f56bfc062723c751e8b465ee728b)
Start importing Assets/Scripts/Ant.cs using Guid(20e9baa39358ee940b1f6a46a50089b6) Importer(815301076,1909f56bfc062723c751e8b465ee728b)  -> (artifact id: '4115d38d80a247a7165c3c93fc8c3086') in 0.017168 seconds 
  Import took 0.025051 seconds .

========================================================================
Received Import Request.
  Time since last request: 64.824576 seconds.
  path: Assets/Scripts/Ant.cs
  artifactKey: Guid(20e9baa39358ee940b1f6a46a50089b6) Importer(815301076,1909f56bfc062723c751e8b465ee728b)
Start importing Assets/Scripts/Ant.cs using Guid(20e9baa39358ee940b1f6a46a50089b6) Importer(815301076,1909f56bfc062723c751e8b465ee728b)  -> (artifact id: '45a03b63facc01ee15c690c50b2876b8') in 0.014651 seconds 
  Import took 0.018734 seconds .

========================================================================
Received Import Request.
  Time since last request: 17.936697 seconds.
  path: Assets/Scripts/Ant.cs
  artifactKey: Guid(20e9baa39358ee940b1f6a46a50089b6) Importer(815301076,1909f56bfc062723c751e8b465ee728b)
Start importing Assets/Scripts/Ant.cs using Guid(20e9baa39358ee940b1f6a46a50089b6) Importer(815301076,1909f56bfc062723c751e8b465ee728b)  -> (artifact id: 'a3776bfba3d9ae1ac39d104f349d5bf1') in 0.008011 seconds 
  Import took 0.012749 seconds .

========================================================================
Received Import Request.
  Time since last request: 17.253783 seconds.
  path: Assets/Scripts/Ant.cs
  artifactKey: Guid(20e9baa39358ee940b1f6a46a50089b6) Importer(815301076,1909f56bfc062723c751e8b465ee728b)
Start importing Assets/Scripts/Ant.cs using Guid(20e9baa39358ee940b1f6a46a50089b6) Importer(815301076,1909f56bfc062723c751e8b465ee728b)  -> (artifact id: 'a7384b9bf2bd4b31ee623ae175336783') in 0.010459 seconds 
  Import took 0.017265 seconds .

========================================================================
Received Import Request.
  Time since last request: 38.210785 seconds.
  path: Assets/Scripts/Ant.cs
  artifactKey: Guid(20e9baa39358ee940b1f6a46a50089b6) Importer(815301076,1909f56bfc062723c751e8b465ee728b)
Start importing Assets/Scripts/Ant.cs using Guid(20e9baa39358ee940b1f6a46a50089b6) Importer(815301076,1909f56bfc062723c751e8b465ee728b)  -> (artifact id: '413e9df8d9c0a6161f6778958c2a3e25') in 0.034774 seconds 
  Import took 0.044100 seconds .

========================================================================
Received Import Request.
  Time since last request: 2114.043379 seconds.
  path: Assets/Scripts/Ant.cs
  artifactKey: Guid(20e9baa39358ee940b1f6a46a50089b6) Importer(815301076,1909f56bfc062723c751e8b465ee728b)
Start importing Assets/Scripts/Ant.cs using Guid(20e9baa39358ee940b1f6a46a50089b6) Importer(815301076,1909f56bfc062723c751e8b465ee728b)  -> (artifact id: '61f667d5960f248da50fffd0929c6986') in 0.016876 seconds 
  Import took 0.102169 seconds .

========================================================================
Received Import Request.
  Time since last request: 832.215709 seconds.
  path: Assets/Scripts/Ant.cs
  artifactKey: Guid(20e9baa39358ee940b1f6a46a50089b6) Importer(815301076,1909f56bfc062723c751e8b465ee728b)
Start importing Assets/Scripts/Ant.cs using Guid(20e9baa39358ee940b1f6a46a50089b6) Importer(815301076,1909f56bfc062723c751e8b465ee728b)  -> (artifact id: '07604dd6efeb0ea68aa27d911504a551') in 0.020261 seconds 
  Import took 0.026563 seconds .

========================================================================
Received Import Request.
  Time since last request: 15.960767 seconds.
  path: Assets/Scripts/Ant.cs
  artifactKey: Guid(20e9baa39358ee940b1f6a46a50089b6) Importer(815301076,1909f56bfc062723c751e8b465ee728b)
Start importing Assets/Scripts/Ant.cs using Guid(20e9baa39358ee940b1f6a46a50089b6) Importer(815301076,1909f56bfc062723c751e8b465ee728b)  -> (artifact id: '453424ac66e06f8b3152849e422c45b6') in 0.048934 seconds 
  Import took 0.089006 seconds .

========================================================================
Received Import Request.
  Time since last request: 202.336434 seconds.
  path: Assets/Scripts/Ant.cs
  artifactKey: Guid(20e9baa39358ee940b1f6a46a50089b6) Importer(815301076,1909f56bfc062723c751e8b465ee728b)
Start importing Assets/Scripts/Ant.cs using Guid(20e9baa39358ee940b1f6a46a50089b6) Importer(815301076,1909f56bfc062723c751e8b465ee728b)  -> (artifact id: 'c9c5f9efecb02f1cab115040c53aeafb') in 0.017361 seconds 
  Import took 0.030166 seconds .

========================================================================
Received Import Request.
  Time since last request: 15.141250 seconds.
  path: Assets/Scripts/Ant.cs
  artifactKey: Guid(20e9baa39358ee940b1f6a46a50089b6) Importer(815301076,1909f56bfc062723c751e8b465ee728b)
Start importing Assets/Scripts/Ant.cs using Guid(20e9baa39358ee940b1f6a46a50089b6) Importer(815301076,1909f56bfc062723c751e8b465ee728b)  -> (artifact id: 'e5f3a7f8ad63770e24ac746a57752590') in 0.020946 seconds 
  Import took 0.051374 seconds .

========================================================================
Received Import Request.
  Time since last request: 10.699009 seconds.
  path: Assets/Scripts/Ant.cs
  artifactKey: Guid(20e9baa39358ee940b1f6a46a50089b6) Importer(815301076,1909f56bfc062723c751e8b465ee728b)
Start importing Assets/Scripts/Ant.cs using Guid(20e9baa39358ee940b1f6a46a50089b6) Importer(815301076,1909f56bfc062723c751e8b465ee728b)  -> (artifact id: 'f548aff742fdfa79ae4afbf1473f265d') in 0.015291 seconds 
  Import took 0.020980 seconds .

========================================================================
Received Import Request.
  Time since last request: 5.091621 seconds.
  path: Assets/Scripts/Ant.cs
  artifactKey: Guid(20e9baa39358ee940b1f6a46a50089b6) Importer(815301076,1909f56bfc062723c751e8b465ee728b)
Start importing Assets/Scripts/Ant.cs using Guid(20e9baa39358ee940b1f6a46a50089b6) Importer(815301076,1909f56bfc062723c751e8b465ee728b)  -> (artifact id: 'ed9b27056ef2ab2787eb9668dd3759eb') in 0.005743 seconds 
  Import took 0.011998 seconds .

========================================================================
Received Import Request.
  Time since last request: 20.902607 seconds.
  path: Assets/Scripts/Ant.cs
  artifactKey: Guid(20e9baa39358ee940b1f6a46a50089b6) Importer(815301076,1909f56bfc062723c751e8b465ee728b)
Start importing Assets/Scripts/Ant.cs using Guid(20e9baa39358ee940b1f6a46a50089b6) Importer(815301076,1909f56bfc062723c751e8b465ee728b)  -> (artifact id: 'b5a67589063565994aa0ff27f548831c') in 0.025662 seconds 
  Import took 0.034763 seconds .

========================================================================
Received Import Request.
  Time since last request: 91.290530 seconds.
  path: Assets/Scripts/Ant.cs
  artifactKey: Guid(20e9baa39358ee940b1f6a46a50089b6) Importer(815301076,1909f56bfc062723c751e8b465ee728b)
Start importing Assets/Scripts/Ant.cs using Guid(20e9baa39358ee940b1f6a46a50089b6) Importer(815301076,1909f56bfc062723c751e8b465ee728b)  -> (artifact id: '773fb0ac8e259045dc411e077463370a') in 0.006091 seconds 
  Import took 0.010944 seconds .

========================================================================
Received Import Request.
  Time since last request: 39.016282 seconds.
  path: Assets/Scripts/Ant.cs
  artifactKey: Guid(20e9baa39358ee940b1f6a46a50089b6) Importer(815301076,1909f56bfc062723c751e8b465ee728b)
Start importing Assets/Scripts/Ant.cs using Guid(20e9baa39358ee940b1f6a46a50089b6) Importer(815301076,1909f56bfc062723c751e8b465ee728b)  -> (artifact id: '401a55d21933fb697e29bd234394d4df') in 0.016739 seconds 
  Import took 0.023592 seconds .

========================================================================
Received Import Request.
  Time since last request: 8.470235 seconds.
  path: Assets/Scripts/Ant.cs
  artifactKey: Guid(20e9baa39358ee940b1f6a46a50089b6) Importer(815301076,1909f56bfc062723c751e8b465ee728b)
Start importing Assets/Scripts/Ant.cs using Guid(20e9baa39358ee940b1f6a46a50089b6) Importer(815301076,1909f56bfc062723c751e8b465ee728b)  -> (artifact id: '5c38f77da96e50b24de99134362dce7f') in 0.007587 seconds 
  Import took 0.011264 seconds .

========================================================================
Received Import Request.
  Time since last request: 24.025190 seconds.
  path: Assets/Scripts/Ant.cs
  artifactKey: Guid(20e9baa39358ee940b1f6a46a50089b6) Importer(815301076,1909f56bfc062723c751e8b465ee728b)
Start importing Assets/Scripts/Ant.cs using Guid(20e9baa39358ee940b1f6a46a50089b6) Importer(815301076,1909f56bfc062723c751e8b465ee728b)  -> (artifact id: 'ac5d188d5d0bbb7b86c4951046cf7651') in 0.024457 seconds 
  Import took 0.029506 seconds .

========================================================================
Received Import Request.
  Time since last request: 65.495270 seconds.
  path: Assets/Scripts/Ant.cs
  artifactKey: Guid(20e9baa39358ee940b1f6a46a50089b6) Importer(815301076,1909f56bfc062723c751e8b465ee728b)
Start importing Assets/Scripts/Ant.cs using Guid(20e9baa39358ee940b1f6a46a50089b6) Importer(815301076,1909f56bfc062723c751e8b465ee728b)  -> (artifact id: 'bcc94d0ce9b65c25ca81dfea5d454685') in 0.007392 seconds 
  Import took 0.011836 seconds .

========================================================================
Received Import Request.
  Time since last request: 32.435271 seconds.
  path: Assets/Scripts/Ant.cs
  artifactKey: Guid(20e9baa39358ee940b1f6a46a50089b6) Importer(815301076,1909f56bfc062723c751e8b465ee728b)
Start importing Assets/Scripts/Ant.cs using Guid(20e9baa39358ee940b1f6a46a50089b6) Importer(815301076,1909f56bfc062723c751e8b465ee728b)  -> (artifact id: '00867d1cdfa135268044c60dabe0ae27') in 0.031088 seconds 
  Import took 0.039109 seconds .

========================================================================
Received Import Request.
  Time since last request: 43.222527 seconds.
  path: Assets/Scripts/Ant.cs
  artifactKey: Guid(20e9baa39358ee940b1f6a46a50089b6) Importer(815301076,1909f56bfc062723c751e8b465ee728b)
Start importing Assets/Scripts/Ant.cs using Guid(20e9baa39358ee940b1f6a46a50089b6) Importer(815301076,1909f56bfc062723c751e8b465ee728b)  -> (artifact id: 'fd0a8fcafa9ed44da840d7f833d720dd') in 0.008286 seconds 
  Import took 0.012906 seconds .

========================================================================
Received Import Request.
  Time since last request: 118.618125 seconds.
  path: Assets/Scripts/Ant.cs
  artifactKey: Guid(20e9baa39358ee940b1f6a46a50089b6) Importer(815301076,1909f56bfc062723c751e8b465ee728b)
Start importing Assets/Scripts/Ant.cs using Guid(20e9baa39358ee940b1f6a46a50089b6) Importer(815301076,1909f56bfc062723c751e8b465ee728b)  -> (artifact id: 'f9735eacdcb07cc889f0d600562b8b28') in 0.022157 seconds 
  Import took 0.043591 seconds .

========================================================================
Received Import Request.
  Time since last request: 27.071530 seconds.
  path: Assets/Scripts/Ant.cs
  artifactKey: Guid(20e9baa39358ee940b1f6a46a50089b6) Importer(815301076,1909f56bfc062723c751e8b465ee728b)
Start importing Assets/Scripts/Ant.cs using Guid(20e9baa39358ee940b1f6a46a50089b6) Importer(815301076,1909f56bfc062723c751e8b465ee728b)  -> (artifact id: '53f691f5afb38dcf6ad00daba70999c7') in 0.012185 seconds 
  Import took 0.016654 seconds .

========================================================================
Received Import Request.
  Time since last request: 20.114516 seconds.
  path: Assets/Scripts/Ant.cs
  artifactKey: Guid(20e9baa39358ee940b1f6a46a50089b6) Importer(815301076,1909f56bfc062723c751e8b465ee728b)
Start importing Assets/Scripts/Ant.cs using Guid(20e9baa39358ee940b1f6a46a50089b6) Importer(815301076,1909f56bfc062723c751e8b465ee728b)  -> (artifact id: 'c87e5649c072108547eecc93bbac8d07') in 0.021194 seconds 
  Import took 0.036517 seconds .

========================================================================
Received Import Request.
  Time since last request: 9.453833 seconds.
  path: Assets/Scripts/Ant.cs
  artifactKey: Guid(20e9baa39358ee940b1f6a46a50089b6) Importer(815301076,1909f56bfc062723c751e8b465ee728b)
Start importing Assets/Scripts/Ant.cs using Guid(20e9baa39358ee940b1f6a46a50089b6) Importer(815301076,1909f56bfc062723c751e8b465ee728b)  -> (artifact id: '7be55d8f5e1f05bbb9b813b7e0d25c8d') in 0.004704 seconds 
  Import took 0.008055 seconds .

========================================================================
Received Import Request.
  Time since last request: 18.552328 seconds.
  path: Assets/Scripts/Ant.cs
  artifactKey: Guid(20e9baa39358ee940b1f6a46a50089b6) Importer(815301076,1909f56bfc062723c751e8b465ee728b)
Start importing Assets/Scripts/Ant.cs using Guid(20e9baa39358ee940b1f6a46a50089b6) Importer(815301076,1909f56bfc062723c751e8b465ee728b)  -> (artifact id: '4acb31bf8cd43239edc4a45cea533aa7') in 0.005493 seconds 
  Import took 0.009373 seconds .

========================================================================
Received Import Request.
  Time since last request: 26.249125 seconds.
  path: Assets/Scripts/Ant.cs
  artifactKey: Guid(20e9baa39358ee940b1f6a46a50089b6) Importer(815301076,1909f56bfc062723c751e8b465ee728b)
Start importing Assets/Scripts/Ant.cs using Guid(20e9baa39358ee940b1f6a46a50089b6) Importer(815301076,1909f56bfc062723c751e8b465ee728b)  -> (artifact id: 'ecfbf4f771fe9f2362167ad3c8804dab') in 0.072473 seconds 
  Import took 0.096038 seconds .

========================================================================
Received Import Request.
  Time since last request: 44.206009 seconds.
  path: Assets/Scripts/Ant.cs
  artifactKey: Guid(20e9baa39358ee940b1f6a46a50089b6) Importer(815301076,1909f56bfc062723c751e8b465ee728b)
Start importing Assets/Scripts/Ant.cs using Guid(20e9baa39358ee940b1f6a46a50089b6) Importer(815301076,1909f56bfc062723c751e8b465ee728b)  -> (artifact id: '5278341f09f3707b7bc8cd77bb27b36a') in 0.005768 seconds 
  Import took 0.009369 seconds .

========================================================================
Received Import Request.
  Time since last request: 37.521120 seconds.
  path: Assets/Scripts/Ant.cs
  artifactKey: Guid(20e9baa39358ee940b1f6a46a50089b6) Importer(815301076,1909f56bfc062723c751e8b465ee728b)
Start importing Assets/Scripts/Ant.cs using Guid(20e9baa39358ee940b1f6a46a50089b6) Importer(815301076,1909f56bfc062723c751e8b465ee728b)  -> (artifact id: '5eefc04f9916e83b8cb56fe137374b85') in 0.007841 seconds 
  Import took 0.017643 seconds .

========================================================================
Received Import Request.
  Time since last request: 30.785923 seconds.
  path: Assets/Scripts/Ant.cs
  artifactKey: Guid(20e9baa39358ee940b1f6a46a50089b6) Importer(815301076,1909f56bfc062723c751e8b465ee728b)
Start importing Assets/Scripts/Ant.cs using Guid(20e9baa39358ee940b1f6a46a50089b6) Importer(815301076,1909f56bfc062723c751e8b465ee728b)  -> (artifact id: 'e8ecd788b2f9c41abe1221d4085210c1') in 0.014627 seconds 
  Import took 0.019178 seconds .

========================================================================
Received Prepare
Registering precompiled user dll's ...
Registered in 0.181641 seconds.
Begin MonoManager ReloadAssembly
Native extension for WindowsStandalone target not found
Refreshing native plugins compatible for Editor in 0.39 ms, found 2 plugins.
Preloading 0 native plugins for Editor in 0.00 ms.
Mono: successfully reloaded assembly
- Completed reload, in  2.568 seconds
Domain Reload Profiling:
	ReloadAssembly (2578ms)
		BeginReloadAssembly (513ms)
			ExecutionOrderSort (0ms)
			DisableScriptedObjects (49ms)
			BackupInstance (0ms)
			ReleaseScriptingObjects (1ms)
			CreateAndSetChildDomain (282ms)
		EndReloadAssembly (1964ms)
			LoadAssemblies (183ms)
			RebuildTransferFunctionScriptingTraits (0ms)
			SetupTypeCache (1152ms)
			ReleaseScriptCaches (1ms)
			RebuildScriptCaches (63ms)
			SetupLoadedEditorAssemblies (423ms)
				LogAssemblyErrors (0ms)
				InitializePlatformSupportModulesInManaged (7ms)
				SetLoadedEditorAssemblies (3ms)
				RefreshPlugins (0ms)
				BeforeProcessingInitializeOnLoad (107ms)
				ProcessInitializeOnLoadAttributes (284ms)
				ProcessInitializeOnLoadMethodAttributes (12ms)
				AfterProcessingInitializeOnLoad (8ms)
				EditorAssembliesLoaded (0ms)
			ExecutionOrderSort2 (0ms)
			AwakeInstancesAfterBackupRestoration (9ms)
Platform modules already initialized, skipping
Refreshing native plugins compatible for Editor in 0.42 ms, found 2 plugins.
Preloading 0 native plugins for Editor in 0.00 ms.
Unloading 1498 Unused Serialized files (Serialized files now loaded: 0)
System memory in use before: 67.5 MB.
System memory in use after: 67.6 MB.

Unloading 14 unused Assets to reduce memory usage. Loaded Objects now: 1938.
Total: 6.882300 ms (FindLiveObjects: 0.397200 ms CreateObjectMapping: 0.197900 ms MarkObjects: 6.230100 ms  DeleteObjects: 0.053500 ms)

AssetImportParameters requested are different than current active one (requested -> active):
  custom:framework-win-MediaFoundation: 216162199b28c13a410421893ffa2e32 -> 
  custom:video-decoder-ogg-theora: a1e56fd34408186e4bbccfd4996cb3dc -> 
  custom:container-muxer-webm: aa71ff27fc2769a1b78a27578f13a17b -> 
  custom:container-demuxer-webm: 4f35f7cbe854078d1ac9338744f61a02 -> 
  custom:container-demuxer-ogg: 62fdf1f143b41e24485cea50d1cbac27 -> 
  custom:video-encoder-webm-vp8: eb34c28f22e8b96e1ab97ce403110664 -> 
  custom:video-decoder-webm-vp8: 9c59270c3fd7afecdb556c50c9e8de78 -> 
  custom:audio-decoder-ogg-vorbis: bf7c407c2cedff20999df2af8eb42d56 -> 
  custom:audio-encoder-webm-vorbis: bf7c407c2cedff20999df2af8eb42d56 -> 
========================================================================
Received Import Request.
  Time since last request: 150.736233 seconds.
  path: Assets/Prefabs/Ant.prefab
  artifactKey: Guid(6fd306e68f001f14fafe2d28a8727d3f) Importer(815301076,1909f56bfc062723c751e8b465ee728b)
Start importing Assets/Prefabs/Ant.prefab using Guid(6fd306e68f001f14fafe2d28a8727d3f) Importer(815301076,1909f56bfc062723c751e8b465ee728b)  -> (artifact id: 'd4871b8553d16357df39cd76bc64693c') in 0.226214 seconds 
  Import took 0.230113 seconds .

========================================================================
Received Import Request.
  Time since last request: 0.000298 seconds.
  path: Assets/Prefabs/AntHill.prefab
  artifactKey: Guid(0164d54e0b9f3bb4480178aad9e9d951) Importer(815301076,1909f56bfc062723c751e8b465ee728b)
Start importing Assets/Prefabs/AntHill.prefab using Guid(0164d54e0b9f3bb4480178aad9e9d951) Importer(815301076,1909f56bfc062723c751e8b465ee728b)  -> (artifact id: '5c7b55902cc4f1431939306dcb63b101') in 0.050008 seconds 
  Import took 0.058077 seconds .

========================================================================
Received Import Request.
  Time since last request: 0.000306 seconds.
  path: Assets/Prefabs/Apple.prefab
  artifactKey: Guid(1c7245b8cf83a104a93bbe90888292f3) Importer(815301076,1909f56bfc062723c751e8b465ee728b)
Start importing Assets/Prefabs/Apple.prefab using Guid(1c7245b8cf83a104a93bbe90888292f3) Importer(815301076,1909f56bfc062723c751e8b465ee728b)  -> (artifact id: 'f2c97db75cf3b099413df4265aef0898') in 0.070132 seconds 
  Import took 0.076092 seconds .

========================================================================
Received Prepare
Registering precompiled user dll's ...
Registered in 0.016058 seconds.
Begin MonoManager ReloadAssembly
Native extension for WindowsStandalone target not found
Refreshing native plugins compatible for Editor in 1.31 ms, found 2 plugins.
Preloading 0 native plugins for Editor in 0.00 ms.
Mono: successfully reloaded assembly
- Completed reload, in  1.655 seconds
Domain Reload Profiling:
	ReloadAssembly (1655ms)
		BeginReloadAssembly (324ms)
			ExecutionOrderSort (0ms)
			DisableScriptedObjects (7ms)
			BackupInstance (0ms)
			ReleaseScriptingObjects (0ms)
			CreateAndSetChildDomain (208ms)
		EndReloadAssembly (1238ms)
			LoadAssemblies (120ms)
			RebuildTransferFunctionScriptingTraits (0ms)
			SetupTypeCache (385ms)
			ReleaseScriptCaches (1ms)
			RebuildScriptCaches (70ms)
			SetupLoadedEditorAssemblies (477ms)
				LogAssemblyErrors (0ms)
				InitializePlatformSupportModulesInManaged (5ms)
				SetLoadedEditorAssemblies (1ms)
				RefreshPlugins (1ms)
				BeforeProcessingInitializeOnLoad (126ms)
				ProcessInitializeOnLoadAttributes (279ms)
				ProcessInitializeOnLoadMethodAttributes (18ms)
				AfterProcessingInitializeOnLoad (41ms)
				EditorAssembliesLoaded (5ms)
			ExecutionOrderSort2 (0ms)
			AwakeInstancesAfterBackupRestoration (25ms)
Platform modules already initialized, skipping
Refreshing native plugins compatible for Editor in 0.41 ms, found 2 plugins.
Preloading 0 native plugins for Editor in 0.00 ms.
Unloading 1498 Unused Serialized files (Serialized files now loaded: 0)
System memory in use before: 70.7 MB.
System memory in use after: 70.8 MB.

Unloading 14 unused Assets to reduce memory usage. Loaded Objects now: 1947.
Total: 4.358100 ms (FindLiveObjects: 0.279000 ms CreateObjectMapping: 0.102000 ms MarkObjects: 3.944100 ms  DeleteObjects: 0.030900 ms)

AssetImportParameters requested are different than current active one (requested -> active):
  custom:framework-win-MediaFoundation: 216162199b28c13a410421893ffa2e32 -> 
  custom:video-decoder-ogg-theora: a1e56fd34408186e4bbccfd4996cb3dc -> 
  custom:container-muxer-webm: aa71ff27fc2769a1b78a27578f13a17b -> 
  custom:container-demuxer-webm: 4f35f7cbe854078d1ac9338744f61a02 -> 
  custom:container-demuxer-ogg: 62fdf1f143b41e24485cea50d1cbac27 -> 
  custom:video-encoder-webm-vp8: eb34c28f22e8b96e1ab97ce403110664 -> 
  custom:video-decoder-webm-vp8: 9c59270c3fd7afecdb556c50c9e8de78 -> 
  custom:audio-decoder-ogg-vorbis: bf7c407c2cedff20999df2af8eb42d56 -> 
  custom:audio-encoder-webm-vorbis: bf7c407c2cedff20999df2af8eb42d56 -> 
========================================================================
Received Import Request.
  Time since last request: 35.067094 seconds.
  path: Assets/Prefabs/Ant.prefab
  artifactKey: Guid(6fd306e68f001f14fafe2d28a8727d3f) Importer(815301076,1909f56bfc062723c751e8b465ee728b)
Start importing Assets/Prefabs/Ant.prefab using Guid(6fd306e68f001f14fafe2d28a8727d3f) Importer(815301076,1909f56bfc062723c751e8b465ee728b)  -> (artifact id: '90f34e0b3826988dfd1b9eafcb5c19f8') in 0.088363 seconds 
  Import took 0.093290 seconds .

========================================================================
Received Prepare
Registering precompiled user dll's ...
Registered in 0.007628 seconds.
Begin MonoManager ReloadAssembly
Native extension for WindowsStandalone target not found
Refreshing native plugins compatible for Editor in 0.44 ms, found 2 plugins.
Preloading 0 native plugins for Editor in 0.00 ms.
Mono: successfully reloaded assembly
- Completed reload, in  1.842 seconds
Domain Reload Profiling:
	ReloadAssembly (1842ms)
		BeginReloadAssembly (215ms)
			ExecutionOrderSort (0ms)
			DisableScriptedObjects (6ms)
			BackupInstance (0ms)
			ReleaseScriptingObjects (0ms)
			CreateAndSetChildDomain (52ms)
		EndReloadAssembly (1496ms)
			LoadAssemblies (184ms)
			RebuildTransferFunctionScriptingTraits (0ms)
			SetupTypeCache (521ms)
			ReleaseScriptCaches (1ms)
			RebuildScriptCaches (81ms)
			SetupLoadedEditorAssemblies (550ms)
				LogAssemblyErrors (0ms)
				InitializePlatformSupportModulesInManaged (11ms)
				SetLoadedEditorAssemblies (2ms)
				RefreshPlugins (1ms)
				BeforeProcessingInitializeOnLoad (136ms)
				ProcessInitializeOnLoadAttributes (368ms)
				ProcessInitializeOnLoadMethodAttributes (18ms)
				AfterProcessingInitializeOnLoad (15ms)
				EditorAssembliesLoaded (0ms)
			ExecutionOrderSort2 (0ms)
			AwakeInstancesAfterBackupRestoration (14ms)
Platform modules already initialized, skipping
Refreshing native plugins compatible for Editor in 0.53 ms, found 2 plugins.
Preloading 0 native plugins for Editor in 0.00 ms.
Unloading 1498 Unused Serialized files (Serialized files now loaded: 0)
System memory in use before: 70.7 MB.
System memory in use after: 70.8 MB.

Unloading 14 unused Assets to reduce memory usage. Loaded Objects now: 1950.
Total: 4.243900 ms (FindLiveObjects: 0.573800 ms CreateObjectMapping: 0.153400 ms MarkObjects: 3.479100 ms  DeleteObjects: 0.036100 ms)

AssetImportParameters requested are different than current active one (requested -> active):
  custom:framework-win-MediaFoundation: 216162199b28c13a410421893ffa2e32 -> 
  custom:video-decoder-ogg-theora: a1e56fd34408186e4bbccfd4996cb3dc -> 
  custom:container-muxer-webm: aa71ff27fc2769a1b78a27578f13a17b -> 
  custom:container-demuxer-webm: 4f35f7cbe854078d1ac9338744f61a02 -> 
  custom:container-demuxer-ogg: 62fdf1f143b41e24485cea50d1cbac27 -> 
  custom:video-encoder-webm-vp8: eb34c28f22e8b96e1ab97ce403110664 -> 
  custom:video-decoder-webm-vp8: 9c59270c3fd7afecdb556c50c9e8de78 -> 
  custom:audio-decoder-ogg-vorbis: bf7c407c2cedff20999df2af8eb42d56 -> 
  custom:audio-encoder-webm-vorbis: bf7c407c2cedff20999df2af8eb42d56 -> 
========================================================================
Received Import Request.
  Time since last request: 21.102468 seconds.
  path: Assets/Prefabs/Ant.prefab
  artifactKey: Guid(6fd306e68f001f14fafe2d28a8727d3f) Importer(815301076,1909f56bfc062723c751e8b465ee728b)
Start importing Assets/Prefabs/Ant.prefab using Guid(6fd306e68f001f14fafe2d28a8727d3f) Importer(815301076,1909f56bfc062723c751e8b465ee728b)  -> (artifact id: '44c105af0795f76875d2c21fe86328d9') in 0.099286 seconds 
  Import took 0.103118 seconds .

========================================================================
Received Import Request.
  Time since last request: 0.643735 seconds.
  path: Assets/Prefabs/Ant.prefab
  artifactKey: Guid(6fd306e68f001f14fafe2d28a8727d3f) Importer(815301076,1909f56bfc062723c751e8b465ee728b)
Start importing Assets/Prefabs/Ant.prefab using Guid(6fd306e68f001f14fafe2d28a8727d3f) Importer(815301076,1909f56bfc062723c751e8b465ee728b)  -> (artifact id: '6629abda3f708790bbed4f6ed9747cf1') in 0.026284 seconds 
  Import took 0.032460 seconds .

========================================================================
Received Prepare
Registering precompiled user dll's ...
Registered in 0.008438 seconds.
Begin MonoManager ReloadAssembly
Native extension for WindowsStandalone target not found
Refreshing native plugins compatible for Editor in 0.37 ms, found 2 plugins.
Preloading 0 native plugins for Editor in 0.00 ms.
Mono: successfully reloaded assembly
- Completed reload, in  1.573 seconds
Domain Reload Profiling:
	ReloadAssembly (1573ms)
		BeginReloadAssembly (194ms)
			ExecutionOrderSort (0ms)
			DisableScriptedObjects (7ms)
			BackupInstance (0ms)
			ReleaseScriptingObjects (0ms)
			CreateAndSetChildDomain (58ms)
		EndReloadAssembly (1266ms)
			LoadAssemblies (173ms)
			RebuildTransferFunctionScriptingTraits (0ms)
			SetupTypeCache (408ms)
			ReleaseScriptCaches (1ms)
			RebuildScriptCaches (72ms)
			SetupLoadedEditorAssemblies (466ms)
				LogAssemblyErrors (0ms)
				InitializePlatformSupportModulesInManaged (9ms)
				SetLoadedEditorAssemblies (1ms)
				RefreshPlugins (0ms)
				BeforeProcessingInitializeOnLoad (117ms)
				ProcessInitializeOnLoadAttributes (312ms)
				ProcessInitializeOnLoadMethodAttributes (16ms)
				AfterProcessingInitializeOnLoad (10ms)
				EditorAssembliesLoaded (0ms)
			ExecutionOrderSort2 (0ms)
			AwakeInstancesAfterBackupRestoration (10ms)
Platform modules already initialized, skipping
Refreshing native plugins compatible for Editor in 0.55 ms, found 2 plugins.
Preloading 0 native plugins for Editor in 0.00 ms.
Unloading 1498 Unused Serialized files (Serialized files now loaded: 0)
System memory in use before: 70.7 MB.
System memory in use after: 70.8 MB.

Unloading 14 unused Assets to reduce memory usage. Loaded Objects now: 1953.
Total: 3.755300 ms (FindLiveObjects: 0.206100 ms CreateObjectMapping: 0.107700 ms MarkObjects: 3.405400 ms  DeleteObjects: 0.034000 ms)

AssetImportParameters requested are different than current active one (requested -> active):
  custom:framework-win-MediaFoundation: 216162199b28c13a410421893ffa2e32 -> 
  custom:video-decoder-ogg-theora: a1e56fd34408186e4bbccfd4996cb3dc -> 
  custom:container-muxer-webm: aa71ff27fc2769a1b78a27578f13a17b -> 
  custom:container-demuxer-webm: 4f35f7cbe854078d1ac9338744f61a02 -> 
  custom:container-demuxer-ogg: 62fdf1f143b41e24485cea50d1cbac27 -> 
  custom:video-encoder-webm-vp8: eb34c28f22e8b96e1ab97ce403110664 -> 
  custom:video-decoder-webm-vp8: 9c59270c3fd7afecdb556c50c9e8de78 -> 
  custom:audio-decoder-ogg-vorbis: bf7c407c2cedff20999df2af8eb42d56 -> 
  custom:audio-encoder-webm-vorbis: bf7c407c2cedff20999df2af8eb42d56 -> 
AssetImportWorkerClient::OnTransportError - code=2 error=End of file
